[debug] [2022-05-04T09:19:07.190Z] ----------------------------------------------------------------------
[debug] [2022-05-04T09:19:07.194Z] Command:       C:\Program Files\nodejs\node.exe C:\Users\Abdulla Al Fahad\AppData\Roaming\npm\node_modules\firebase-tools\lib\bin\firebase.js init
[debug] [2022-05-04T09:19:07.195Z] CLI Version:   10.6.0
[debug] [2022-05-04T09:19:07.195Z] Platform:      win32
[debug] [2022-05-04T09:19:07.196Z] Node Version:  v16.13.1
[debug] [2022-05-04T09:19:07.217Z] Time:          Wed May 04 2022 15:19:07 GMT+0600 (Bangladesh Standard Time)
[debug] [2022-05-04T09:19:07.218Z] ----------------------------------------------------------------------
[debug] 
[debug] [2022-05-04T09:19:07.226Z] >>> [apiv2][query] GET https://firebase-public.firebaseio.com/cli.json [none]
[debug] [2022-05-04T09:19:07.451Z] > command requires scopes: ["email","openid","https://www.googleapis.com/auth/cloudplatformprojects.readonly","https://www.googleapis.com/auth/firebase","https://www.googleapis.com/auth/cloud-platform"]
[debug] [2022-05-04T09:19:07.451Z] > authorizing via signed-in user (aafahad02@gmail.com)
[info] 
     ######## #### ########  ######## ########     ###     ######  ########
     ##        ##  ##     ## ##       ##     ##  ##   ##  ##       ##
     ######    ##  ########  ######   ########  #########  ######  ######
     ##        ##  ##    ##  ##       ##     ## ##     ##       ## ##
     ##       #### ##     ## ######## ########  ##     ##  ######  ########

You're about to initialize a Firebase project in this directory:

  D:\jhankar mahbub\milestone-11\genius-car-service

Before we get started, keep in mind:

  * You are initializing within an existing Firebase project directory

[debug] [2022-05-04T09:19:08.508Z] <<< [apiv2][status] GET https://firebase-public.firebaseio.com/cli.json 200
[debug] [2022-05-04T09:19:08.508Z] <<< [apiv2][body] GET https://firebase-public.firebaseio.com/cli.json {"cloudBuildErrorAfter":1594252800000,"cloudBuildWarnAfter":1590019200000,"defaultNode10After":1594252800000,"minVersion":"3.0.5","node8DeploysDisabledAfter":1613390400000,"node8RuntimeDisabledAfter":1615809600000,"node8WarnAfter":1600128000000}
[info] 
=== Project Setup
[info] 
[info] First, let's associate this project directory with a Firebase project.
[info] You can create multiple project aliases by running firebase use --add, 
[info] but for now we'll just set up a default project.
[info] 
[debug] [2022-05-04T09:20:46.521Z] Using project from CLI flag: genius-car-services-18c77
[debug] [2022-05-04T09:20:46.526Z] > refreshing access token with scopes: []
[debug] [2022-05-04T09:20:46.527Z] >>> HTTP REQUEST POST https://www.googleapis.com/oauth2/v3/token  
 <request body omitted>
[debug] [2022-05-04T09:20:46.858Z] <<< HTTP RESPONSE 200 {"cache-control":"no-cache, no-store, max-age=0, must-revalidate","date":"Wed, 04 May 2022 09:20:46 GMT","expires":"Mon, 01 Jan 1990 00:00:00 GMT","pragma":"no-cache","content-type":"application/json; charset=utf-8","vary":"X-Origin, Referer, Origin,Accept-Encoding","server":"scaffolding on HTTPServer2","x-xss-protection":"0","x-frame-options":"SAMEORIGIN","x-content-type-options":"nosniff","alt-svc":"h3=\":443\"; ma=2592000,h3-29=\":443\"; ma=2592000,h3-Q050=\":443\"; ma=2592000,h3-Q046=\":443\"; ma=2592000,h3-Q043=\":443\"; ma=2592000,quic=\":443\"; ma=2592000; v=\"46,43\"","accept-ranges":"none","transfer-encoding":"chunked"}
[debug] [2022-05-04T09:20:46.912Z] >>> [apiv2][query] GET https://firebase.googleapis.com/v1beta1/projects/genius-car-services-18c77 [none]
[debug] [2022-05-04T09:20:47.496Z] <<< [apiv2][status] GET https://firebase.googleapis.com/v1beta1/projects/genius-car-services-18c77 403
[debug] [2022-05-04T09:20:47.497Z] <<< [apiv2][body] GET https://firebase.googleapis.com/v1beta1/projects/genius-car-services-18c77 {"error":{"code":403,"message":"The caller does not have permission","status":"PERMISSION_DENIED"}}
[debug] [2022-05-04T09:20:47.498Z] HTTP Error: 403, The caller does not have permission
[debug] [2022-05-04T09:20:47.778Z] FirebaseError: HTTP Error: 403, The caller does not have permission
    at module.exports (C:\Users\Abdulla Al Fahad\AppData\Roaming\npm\node_modules\firebase-tools\lib\responseToError.js:47:12)
    at RetryOperation._fn (C:\Users\Abdulla Al Fahad\AppData\Roaming\npm\node_modules\firebase-tools\lib\apiv2.js:286:39)
    at processTicksAndRejections (node:internal/process/task_queues:96:5)
[error] 
[error] Error: Failed to get Firebase project genius-car-services-18c77. Please make sure the project exists and your account has permission to access it.
[debug] [2022-05-04T09:21:41.872Z] ----------------------------------------------------------------------
[debug] [2022-05-04T09:21:41.875Z] Command:       C:\Program Files\nodejs\node.exe C:\Users\Abdulla Al Fahad\AppData\Roaming\npm\node_modules\firebase-tools\lib\bin\firebase.js init
[debug] [2022-05-04T09:21:41.876Z] CLI Version:   10.6.0
[debug] [2022-05-04T09:21:41.877Z] Platform:      win32
[debug] [2022-05-04T09:21:41.877Z] Node Version:  v16.13.1
[debug] [2022-05-04T09:21:41.878Z] Time:          Wed May 04 2022 15:21:41 GMT+0600 (Bangladesh Standard Time)
[debug] [2022-05-04T09:21:41.879Z] ----------------------------------------------------------------------
[debug] 
[debug] [2022-05-04T09:21:42.004Z] > command requires scopes: ["email","openid","https://www.googleapis.com/auth/cloudplatformprojects.readonly","https://www.googleapis.com/auth/firebase","https://www.googleapis.com/auth/cloud-platform"]
[debug] [2022-05-04T09:21:42.005Z] > authorizing via signed-in user (aafahad02@gmail.com)
[info] 
     ######## #### ########  ######## ########     ###     ######  ########
     ##        ##  ##     ## ##       ##     ##  ##   ##  ##       ##
     ######    ##  ########  ######   ########  #########  ######  ######
     ##        ##  ##    ##  ##       ##     ## ##     ##       ## ##
     ##       #### ##     ## ######## ########  ##     ##  ######  ########

You're about to initialize a Firebase project in this directory:

  D:\jhankar mahbub\milestone-11\genius-car-service

Before we get started, keep in mind:

  * You are initializing within an existing Firebase project directory

[info] 
=== Project Setup
[info] 
[info] First, let's associate this project directory with a Firebase project.
[info] You can create multiple project aliases by running firebase use --add, 
[info] but for now we'll just set up a default project.
[info] 
[debug] [2022-05-04T09:21:51.242Z] Using project from CLI flag: genius-car-services-18c77
[debug] [2022-05-04T09:21:51.247Z] >>> [apiv2][query] GET https://firebase.googleapis.com/v1beta1/projects/genius-car-services-18c77 [none]
[debug] [2022-05-04T09:21:52.505Z] <<< [apiv2][status] GET https://firebase.googleapis.com/v1beta1/projects/genius-car-services-18c77 403
[debug] [2022-05-04T09:21:52.505Z] <<< [apiv2][body] GET https://firebase.googleapis.com/v1beta1/projects/genius-car-services-18c77 {"error":{"code":403,"message":"The caller does not have permission","status":"PERMISSION_DENIED"}}
[debug] [2022-05-04T09:21:52.506Z] HTTP Error: 403, The caller does not have permission
[debug] [2022-05-04T09:21:53.001Z] FirebaseError: HTTP Error: 403, The caller does not have permission
    at module.exports (C:\Users\Abdulla Al Fahad\AppData\Roaming\npm\node_modules\firebase-tools\lib\responseToError.js:47:12)
    at RetryOperation._fn (C:\Users\Abdulla Al Fahad\AppData\Roaming\npm\node_modules\firebase-tools\lib\apiv2.js:286:39)
    at processTicksAndRejections (node:internal/process/task_queues:96:5)
[error] 
[error] Error: Failed to get Firebase project genius-car-services-18c77. Please make sure the project exists and your account has permission to access it.
